{
"/Users/joe/OneDrive/Projects/podcast-to-youtube/upload-to-youtube.js":{"path":"/Users/joe/OneDrive/Projects/podcast-to-youtube/upload-to-youtube.js","s":{"1":1,"2":1,"3":1,"4":1,"5":0,"6":0,"7":0,"8":0,"9":0,"10":1,"11":1,"12":0,"13":0,"14":0,"15":0,"16":0,"17":0,"18":1,"19":1,"20":1,"21":1,"22":1,"23":0,"24":0,"25":0,"26":0,"27":0,"28":0,"29":0,"30":0,"31":0,"32":0},"b":{"1":[0,1],"2":[0,0]},"f":{"1":0,"2":0,"3":0},"fnMap":{"1":{"name":"(anonymous_1)","line":16,"loc":{"start":{"line":16,"column":13},"end":{"line":16,"column":30}}},"2":{"name":"(anonymous_2)","line":44,"loc":{"start":{"line":44,"column":16},"end":{"line":44,"column":28}}},"3":{"name":"(anonymous_3)","line":51,"loc":{"start":{"line":51,"column":37},"end":{"line":51,"column":56}}}},"statementMap":{"1":{"start":{"line":1,"column":0},"end":{"line":3,"column":34}},"2":{"start":{"line":5,"column":0},"end":{"line":11,"column":44}},"3":{"start":{"line":13,"column":0},"end":{"line":13,"column":65}},"4":{"start":{"line":16,"column":0},"end":{"line":47,"column":2}},"5":{"start":{"line":17,"column":4},"end":{"line":42,"column":7}},"6":{"start":{"line":40,"column":8},"end":{"line":40,"column":29}},"7":{"start":{"line":41,"column":8},"end":{"line":41,"column":23}},"8":{"start":{"line":44,"column":4},"end":{"line":46,"column":12}},"9":{"start":{"line":45,"column":8},"end":{"line":45,"column":90}},"10":{"start":{"line":49,"column":0},"end":{"line":104,"column":3}},"11":{"start":{"line":50,"column":4},"end":{"line":103,"column":5}},"12":{"start":{"line":51,"column":8},"end":{"line":63,"column":11}},"13":{"start":{"line":52,"column":12},"end":{"line":52,"column":42}},"14":{"start":{"line":53,"column":12},"end":{"line":59,"column":15}},"15":{"start":{"line":60,"column":12},"end":{"line":60,"column":41}},"16":{"start":{"line":61,"column":12},"end":{"line":61,"column":47}},"17":{"start":{"line":62,"column":12},"end":{"line":62,"column":27}},"18":{"start":{"line":66,"column":8},"end":{"line":66,"column":66}},"19":{"start":{"line":71,"column":8},"end":{"line":77,"column":11}},"20":{"start":{"line":79,"column":8},"end":{"line":82,"column":12}},"21":{"start":{"line":84,"column":8},"end":{"line":84,"column":50}},"22":{"start":{"line":86,"column":8},"end":{"line":102,"column":11}},"23":{"start":{"line":87,"column":12},"end":{"line":87,"column":95}},"24":{"start":{"line":88,"column":12},"end":{"line":101,"column":15}},"25":{"start":{"line":90,"column":16},"end":{"line":93,"column":17}},"26":{"start":{"line":91,"column":20},"end":{"line":91,"column":40}},"27":{"start":{"line":92,"column":20},"end":{"line":92,"column":43}},"28":{"start":{"line":95,"column":16},"end":{"line":95,"column":46}},"29":{"start":{"line":97,"column":16},"end":{"line":97,"column":45}},"30":{"start":{"line":98,"column":16},"end":{"line":98,"column":70}},"31":{"start":{"line":99,"column":16},"end":{"line":99,"column":93}},"32":{"start":{"line":100,"column":16},"end":{"line":100,"column":31}}},"branchMap":{"1":{"line":50,"type":"if","locations":[{"start":{"line":50,"column":4},"end":{"line":50,"column":4}},{"start":{"line":50,"column":4},"end":{"line":50,"column":4}}]},"2":{"line":90,"type":"if","locations":[{"start":{"line":90,"column":16},"end":{"line":90,"column":16}},{"start":{"line":90,"column":16},"end":{"line":90,"column":16}}]}},"l":{"1":1,"5":1,"13":1,"16":1,"17":0,"40":0,"41":0,"44":0,"45":0,"49":1,"50":1,"51":0,"52":0,"53":0,"60":0,"61":0,"62":0,"66":1,"71":1,"79":1,"84":1,"86":1,"87":0,"88":0,"90":0,"91":0,"92":0,"95":0,"97":0,"98":0,"99":0,"100":0}}}
