TN:
SF:/Users/joe/OneDrive/Projects/podcast-to-youtube/upload-to-youtube.js
FN:16,(anonymous_1)
FN:44,(anonymous_2)
FN:51,(anonymous_3)
FNF:3
FNH:0
FNDA:0,(anonymous_1)
FNDA:0,(anonymous_2)
FNDA:0,(anonymous_3)
DA:1,1
DA:5,1
DA:13,1
DA:16,1
DA:17,0
DA:40,0
DA:41,0
DA:44,0
DA:45,0
DA:49,1
DA:50,1
DA:51,0
DA:52,0
DA:53,0
DA:60,0
DA:61,0
DA:62,0
DA:66,1
DA:71,1
DA:79,1
DA:84,1
DA:86,1
DA:87,0
DA:88,0
DA:90,0
DA:91,0
DA:92,0
DA:95,0
DA:97,0
DA:98,0
DA:99,0
DA:100,0
LF:32
LH:11
BRDA:50,1,0,0
BRDA:50,1,1,1
BRDA:90,2,0,0
BRDA:90,2,1,0
BRF:4
BRH:1
end_of_record
